build/app/intermediates/manifest_merge_blame_file/debug/manifest-merger-blame-debug-report.txt
1<?xml version="1.0" encoding="utf-8"?>
2<manifest xmlns:android="http://schemas.android.com/apk/res/android"
3    package="com.codeworker.app_firebase"
4    android:versionCode="1"
5    android:versionName="1.0.0" >
6
7    <uses-sdk
8        android:minSdkVersion="16"
9        android:targetSdkVersion="30" />
10    <!--
11         Flutter needs it to communicate with the running application
12         to allow setting breakpoints, to provide hot reload, etc.
13    -->
14    <uses-permission android:name="android.permission.INTERNET" />
14-->src/debug/AndroidManifest.xml:6:5-66
14-->src/debug/AndroidManifest.xml:6:22-64
15    <uses-permission android:name="android.permission.ACCESS_NETWORK_STATE" />
15-->[com.google.firebase:firebase-auth:20.0.4] AndroidManifest.xml:24:5-79
15-->[com.google.firebase:firebase-auth:20.0.4] AndroidManifest.xml:24:22-76
16    <uses-permission android:name="android.permission.WAKE_LOCK" />
16-->[com.google.android.gms:play-services-measurement-api:18.0.3] AndroidManifest.xml:24:5-68
16-->[com.google.android.gms:play-services-measurement-api:18.0.3] AndroidManifest.xml:24:22-65
17    <uses-permission android:name="com.google.android.finsky.permission.BIND_GET_INSTALL_REFERRER_SERVICE" />
17-->[com.google.android.gms:play-services-measurement:18.0.3] AndroidManifest.xml:26:5-110
17-->[com.google.android.gms:play-services-measurement:18.0.3] AndroidManifest.xml:26:22-107
18
19    <application
19-->src/main/AndroidManifest.xml:3:4-40:19
20        android:name="androidx.multidex.MultiDexApplication"
21        android:appComponentFactory="androidx.core.app.CoreComponentFactory"
21-->[androidx.core:core:1.1.0] AndroidManifest.xml:24:18-86
22        android:debuggable="true"
23        android:icon="@mipmap/ic_launcher"
23-->src/main/AndroidManifest.xml:5:9-43
24        android:label="app_firebase" >
24-->src/main/AndroidManifest.xml:4:9-37
25        <activity
25-->src/main/AndroidManifest.xml:6:9-34:20
26            android:name="com.codeworker.app_firebase.MainActivity"
26-->src/main/AndroidManifest.xml:7:13-41
27            android:configChanges="orientation|keyboardHidden|keyboard|screenSize|smallestScreenSize|locale|layoutDirection|fontScale|screenLayout|density|uiMode"
27-->src/main/AndroidManifest.xml:10:13-163
28            android:hardwareAccelerated="true"
28-->src/main/AndroidManifest.xml:11:13-47
29            android:launchMode="singleTop"
29-->src/main/AndroidManifest.xml:8:13-43
30            android:theme="@style/LaunchTheme"
30-->src/main/AndroidManifest.xml:9:13-47
31            android:windowSoftInputMode="adjustResize" >
31-->src/main/AndroidManifest.xml:12:13-55
32
33            <!--
34                 Specifies an Android theme to apply to this Activity as soon as
35                 the Android process has started. This theme is visible to the user
36                 while the Flutter UI initializes. After that, this theme continues
37                 to determine the Window background behind the Flutter UI.
38            -->
39            <meta-data
39-->src/main/AndroidManifest.xml:17:13-20:17
40                android:name="io.flutter.embedding.android.NormalTheme"
40-->src/main/AndroidManifest.xml:18:15-70
41                android:resource="@style/NormalTheme" />
41-->src/main/AndroidManifest.xml:19:15-52
42            <!--
43                 Displays an Android View that continues showing the launch screen
44                 Drawable until Flutter paints its first frame, then this splash
45                 screen fades out. A splash screen is useful to avoid any visual
46                 gap between the end of Android's launch screen and the painting of
47                 Flutter's first frame.
48            -->
49            <meta-data
49-->src/main/AndroidManifest.xml:26:13-29:17
50                android:name="io.flutter.embedding.android.SplashScreenDrawable"
50-->src/main/AndroidManifest.xml:27:15-79
51                android:resource="@drawable/launch_background" />
51-->src/main/AndroidManifest.xml:28:15-61
52
53            <intent-filter>
53-->src/main/AndroidManifest.xml:30:13-33:29
54                <action android:name="android.intent.action.MAIN" />
54-->src/main/AndroidManifest.xml:31:17-68
54-->src/main/AndroidManifest.xml:31:25-66
55
56                <category android:name="android.intent.category.LAUNCHER" />
56-->src/main/AndroidManifest.xml:32:17-76
56-->src/main/AndroidManifest.xml:32:27-74
57            </intent-filter>
58        </activity>
59        <!--
60             Don't delete the meta-data below.
61             This is used by the Flutter tool to generate GeneratedPluginRegistrant.java
62        -->
63        <meta-data
63-->src/main/AndroidManifest.xml:37:9-39:33
64            android:name="flutterEmbedding"
64-->src/main/AndroidManifest.xml:38:13-44
65            android:value="2" />
65-->src/main/AndroidManifest.xml:39:13-30
66
67        <service
67-->[:firebase_auth] AndroidManifest.xml:8:9-12:19
68            android:name="com.google.firebase.components.ComponentDiscoveryService"
68-->[:firebase_auth] AndroidManifest.xml:8:18-89
69            android:directBootAware="true"
69-->[com.google.firebase:firebase-common:19.5.0] AndroidManifest.xml:35:13-43
70            android:exported="false" >
70-->[com.google.firebase:firebase-auth:20.0.4] AndroidManifest.xml:76:13-37
71            <meta-data
71-->[:firebase_auth] AndroidManifest.xml:9:13-11:85
72                android:name="com.google.firebase.components:io.flutter.plugins.firebase.auth.FlutterFirebaseAuthRegistrar"
72-->[:firebase_auth] AndroidManifest.xml:10:17-124
73                android:value="com.google.firebase.components.ComponentRegistrar" />
73-->[:firebase_auth] AndroidManifest.xml:11:17-82
74            <meta-data
74-->[:firebase_core] AndroidManifest.xml:9:13-11:85
75                android:name="com.google.firebase.components:io.flutter.plugins.firebase.core.FlutterFirebaseCoreRegistrar"
75-->[:firebase_core] AndroidManifest.xml:10:17-124
76                android:value="com.google.firebase.components.ComponentRegistrar" />
76-->[:firebase_core] AndroidManifest.xml:11:17-82
77            <meta-data
77-->[com.google.firebase:firebase-auth:20.0.4] AndroidManifest.xml:77:13-79:85
78                android:name="com.google.firebase.components:com.google.firebase.auth.FirebaseAuthRegistrar"
78-->[com.google.firebase:firebase-auth:20.0.4] AndroidManifest.xml:78:17-109
79                android:value="com.google.firebase.components.ComponentRegistrar" />
79-->[com.google.firebase:firebase-auth:20.0.4] AndroidManifest.xml:79:17-82
80            <meta-data
80-->[com.google.android.gms:play-services-measurement-api:18.0.3] AndroidManifest.xml:30:13-32:85
81                android:name="com.google.firebase.components:com.google.firebase.analytics.connector.internal.AnalyticsConnectorRegistrar"
81-->[com.google.android.gms:play-services-measurement-api:18.0.3] AndroidManifest.xml:31:17-139
82                android:value="com.google.firebase.components.ComponentRegistrar" />
82-->[com.google.android.gms:play-services-measurement-api:18.0.3] AndroidManifest.xml:32:17-82
83            <meta-data
83-->[com.google.firebase:firebase-installations:16.3.5] AndroidManifest.xml:18:13-20:85
84                android:name="com.google.firebase.components:com.google.firebase.installations.FirebaseInstallationsRegistrar"
84-->[com.google.firebase:firebase-installations:16.3.5] AndroidManifest.xml:19:17-127
85                android:value="com.google.firebase.components.ComponentRegistrar" />
85-->[com.google.firebase:firebase-installations:16.3.5] AndroidManifest.xml:20:17-82
86            <!--
87                This registrar is not defined in the dynamic-module-support sdk itself to allow non-firebase
88                clients to use it as well, by defining this registrar in their own core/common library.
89            -->
90            <meta-data
90-->[com.google.firebase:firebase-common:19.5.0] AndroidManifest.xml:43:13-45:85
91                android:name="com.google.firebase.components:com.google.firebase.dynamicloading.DynamicLoadingRegistrar"
91-->[com.google.firebase:firebase-common:19.5.0] AndroidManifest.xml:44:17-121
92                android:value="com.google.firebase.components.ComponentRegistrar" />
92-->[com.google.firebase:firebase-common:19.5.0] AndroidManifest.xml:45:17-82
93        </service>
94
95        <activity
95-->[com.google.firebase:firebase-auth:20.0.4] AndroidManifest.xml:27:9-44:20
96            android:name="com.google.firebase.auth.internal.GenericIdpActivity"
96-->[com.google.firebase:firebase-auth:20.0.4] AndroidManifest.xml:28:13-80
97            android:excludeFromRecents="true"
97-->[com.google.firebase:firebase-auth:20.0.4] AndroidManifest.xml:29:13-46
98            android:exported="true"
98-->[com.google.firebase:firebase-auth:20.0.4] AndroidManifest.xml:30:13-36
99            android:launchMode="singleTask"
99-->[com.google.firebase:firebase-auth:20.0.4] AndroidManifest.xml:31:13-44
100            android:theme="@android:style/Theme.Translucent.NoTitleBar" >
100-->[com.google.firebase:firebase-auth:20.0.4] AndroidManifest.xml:32:13-72
101            <intent-filter>
101-->[com.google.firebase:firebase-auth:20.0.4] AndroidManifest.xml:33:13-43:29
102                <action android:name="android.intent.action.VIEW" />
102-->[com.google.firebase:firebase-auth:20.0.4] AndroidManifest.xml:34:17-69
102-->[com.google.firebase:firebase-auth:20.0.4] AndroidManifest.xml:34:25-66
103
104                <category android:name="android.intent.category.DEFAULT" />
104-->[com.google.firebase:firebase-auth:20.0.4] AndroidManifest.xml:36:17-76
104-->[com.google.firebase:firebase-auth:20.0.4] AndroidManifest.xml:36:27-73
105                <category android:name="android.intent.category.BROWSABLE" />
105-->[com.google.firebase:firebase-auth:20.0.4] AndroidManifest.xml:37:17-78
105-->[com.google.firebase:firebase-auth:20.0.4] AndroidManifest.xml:37:27-75
106
107                <data
107-->[com.google.firebase:firebase-auth:20.0.4] AndroidManifest.xml:39:17-42:51
108                    android:host="firebase.auth"
108-->[com.google.firebase:firebase-auth:20.0.4] AndroidManifest.xml:40:21-49
109                    android:path="/"
109-->[com.google.firebase:firebase-auth:20.0.4] AndroidManifest.xml:41:21-37
110                    android:scheme="genericidp" />
110-->[com.google.firebase:firebase-auth:20.0.4] AndroidManifest.xml:42:21-48
111            </intent-filter>
112        </activity>
113        <activity
113-->[com.google.firebase:firebase-auth:20.0.4] AndroidManifest.xml:45:9-62:20
114            android:name="com.google.firebase.auth.internal.RecaptchaActivity"
114-->[com.google.firebase:firebase-auth:20.0.4] AndroidManifest.xml:46:13-79
115            android:excludeFromRecents="true"
115-->[com.google.firebase:firebase-auth:20.0.4] AndroidManifest.xml:47:13-46
116            android:exported="true"
116-->[com.google.firebase:firebase-auth:20.0.4] AndroidManifest.xml:48:13-36
117            android:launchMode="singleTask"
117-->[com.google.firebase:firebase-auth:20.0.4] AndroidManifest.xml:49:13-44
118            android:theme="@android:style/Theme.Translucent.NoTitleBar" >
118-->[com.google.firebase:firebase-auth:20.0.4] AndroidManifest.xml:50:13-72
119            <intent-filter>
119-->[com.google.firebase:firebase-auth:20.0.4] AndroidManifest.xml:51:13-61:29
120                <action android:name="android.intent.action.VIEW" />
120-->[com.google.firebase:firebase-auth:20.0.4] AndroidManifest.xml:34:17-69
120-->[com.google.firebase:firebase-auth:20.0.4] AndroidManifest.xml:34:25-66
121
122                <category android:name="android.intent.category.DEFAULT" />
122-->[com.google.firebase:firebase-auth:20.0.4] AndroidManifest.xml:36:17-76
122-->[com.google.firebase:firebase-auth:20.0.4] AndroidManifest.xml:36:27-73
123                <category android:name="android.intent.category.BROWSABLE" />
123-->[com.google.firebase:firebase-auth:20.0.4] AndroidManifest.xml:37:17-78
123-->[com.google.firebase:firebase-auth:20.0.4] AndroidManifest.xml:37:27-75
124
125                <data
125-->[com.google.firebase:firebase-auth:20.0.4] AndroidManifest.xml:39:17-42:51
126                    android:host="firebase.auth"
126-->[com.google.firebase:firebase-auth:20.0.4] AndroidManifest.xml:40:21-49
127                    android:path="/"
127-->[com.google.firebase:firebase-auth:20.0.4] AndroidManifest.xml:41:21-37
128                    android:scheme="recaptcha" />
128-->[com.google.firebase:firebase-auth:20.0.4] AndroidManifest.xml:42:21-48
129            </intent-filter>
130        </activity>
131
132        <service
132-->[com.google.firebase:firebase-auth:20.0.4] AndroidManifest.xml:64:9-73:19
133            android:name="com.google.firebase.auth.api.fallback.service.FirebaseAuthFallbackService"
133-->[com.google.firebase:firebase-auth:20.0.4] AndroidManifest.xml:65:13-101
134            android:enabled="true"
134-->[com.google.firebase:firebase-auth:20.0.4] AndroidManifest.xml:66:13-35
135            android:exported="false" >
135-->[com.google.firebase:firebase-auth:20.0.4] AndroidManifest.xml:67:13-37
136            <intent-filter>
136-->[com.google.firebase:firebase-auth:20.0.4] AndroidManifest.xml:68:13-72:29
137                <action android:name="com.google.firebase.auth.api.gms.service.START" />
137-->[com.google.firebase:firebase-auth:20.0.4] AndroidManifest.xml:69:17-89
137-->[com.google.firebase:firebase-auth:20.0.4] AndroidManifest.xml:69:25-86
138
139                <category android:name="android.intent.category.DEFAULT" />
139-->[com.google.firebase:firebase-auth:20.0.4] AndroidManifest.xml:36:17-76
139-->[com.google.firebase:firebase-auth:20.0.4] AndroidManifest.xml:36:27-73
140            </intent-filter>
141        </service>
142
143        <provider
143-->[com.google.firebase:firebase-common:19.5.0] AndroidManifest.xml:26:9-31:39
144            android:name="com.google.firebase.provider.FirebaseInitProvider"
144-->[com.google.firebase:firebase-common:19.5.0] AndroidManifest.xml:27:13-77
145            android:authorities="com.codeworker.app_firebase.firebaseinitprovider"
145-->[com.google.firebase:firebase-common:19.5.0] AndroidManifest.xml:28:13-72
146            android:directBootAware="true"
146-->[com.google.firebase:firebase-common:19.5.0] AndroidManifest.xml:29:13-43
147            android:exported="false"
147-->[com.google.firebase:firebase-common:19.5.0] AndroidManifest.xml:30:13-37
148            android:initOrder="100" />
148-->[com.google.firebase:firebase-common:19.5.0] AndroidManifest.xml:31:13-36
149
150        <activity
150-->[com.google.android.gms:play-services-base:17.1.0] AndroidManifest.xml:23:9-26:75
151            android:name="com.google.android.gms.common.api.GoogleApiActivity"
151-->[com.google.android.gms:play-services-base:17.1.0] AndroidManifest.xml:24:13-79
152            android:exported="false"
152-->[com.google.android.gms:play-services-base:17.1.0] AndroidManifest.xml:25:13-37
153            android:theme="@android:style/Theme.Translucent.NoTitleBar" />
153-->[com.google.android.gms:play-services-base:17.1.0] AndroidManifest.xml:26:13-72
154
155        <receiver
155-->[com.google.android.gms:play-services-measurement:18.0.3] AndroidManifest.xml:29:9-33:20
156            android:name="com.google.android.gms.measurement.AppMeasurementReceiver"
156-->[com.google.android.gms:play-services-measurement:18.0.3] AndroidManifest.xml:30:13-85
157            android:enabled="true"
157-->[com.google.android.gms:play-services-measurement:18.0.3] AndroidManifest.xml:31:13-35
158            android:exported="false" >
158-->[com.google.android.gms:play-services-measurement:18.0.3] AndroidManifest.xml:32:13-37
159        </receiver>
160
161        <service
161-->[com.google.android.gms:play-services-measurement:18.0.3] AndroidManifest.xml:35:9-38:40
162            android:name="com.google.android.gms.measurement.AppMeasurementService"
162-->[com.google.android.gms:play-services-measurement:18.0.3] AndroidManifest.xml:36:13-84
163            android:enabled="true"
163-->[com.google.android.gms:play-services-measurement:18.0.3] AndroidManifest.xml:37:13-35
164            android:exported="false" />
164-->[com.google.android.gms:play-services-measurement:18.0.3] AndroidManifest.xml:38:13-37
165        <service
165-->[com.google.android.gms:play-services-measurement:18.0.3] AndroidManifest.xml:39:9-43:72
166            android:name="com.google.android.gms.measurement.AppMeasurementJobService"
166-->[com.google.android.gms:play-services-measurement:18.0.3] AndroidManifest.xml:40:13-87
167            android:enabled="true"
167-->[com.google.android.gms:play-services-measurement:18.0.3] AndroidManifest.xml:41:13-35
168            android:exported="false"
168-->[com.google.android.gms:play-services-measurement:18.0.3] AndroidManifest.xml:42:13-37
169            android:permission="android.permission.BIND_JOB_SERVICE" />
169-->[com.google.android.gms:play-services-measurement:18.0.3] AndroidManifest.xml:43:13-69
170
171        <meta-data
171-->[com.google.android.gms:play-services-basement:17.1.0] AndroidManifest.xml:23:9-25:69
172            android:name="com.google.android.gms.version"
172-->[com.google.android.gms:play-services-basement:17.1.0] AndroidManifest.xml:24:13-58
173            android:value="@integer/google_play_services_version" />
173-->[com.google.android.gms:play-services-basement:17.1.0] AndroidManifest.xml:25:13-66
174    </application>
175
176</manifest>